<?xml version="1.0" encoding="UTF-8"?>
<!-- Generated by org.testng.reporters.JUnitReportReporter -->
<testsuite hostname="AJAYK" name="com.nexii.lead.Administrator" tests="1" failures="0" timestamp="24 Sep 2014 10:44:52 GMT" time="14.262" errors="0">
  <testcase name="admin_test" time="14.262" classname="com.nexii.lead.Administrator"/>
</testsuite> <!-- com.nexii.lead.Administrator -->
