<?xml version="1.0" encoding="UTF-8"?>
<!-- Generated by org.testng.reporters.JUnitReportReporter -->
<testsuite hostname="AJAYK" name="com.nexii.lead.Admin_Login" tests="1" failures="0" timestamp="23 Sep 2014 14:26:04 GMT" time="13.756" errors="0">
  <testcase name="Admin_Login_method" time="13.756" classname="com.nexii.lead.Admin_Login"/>
</testsuite> <!-- com.nexii.lead.Admin_Login -->
